0 info it worked if it ends with ok
1 verbose cli [ 'D:\\Program Files\\nodejs\\node.exe',
1 verbose cli   'C:\\Users\\NeilL\\AppData\\Roaming\\npm\\node_modules\\npm\\bin\\npm-cli.js',
1 verbose cli   'start' ]
2 info using npm@4.0.3
3 info using node@v6.9.2
4 verbose run-script [ 'prestart', 'start', 'poststart' ]
5 info lifecycle comparing-frameworks@1.0.0~prestart: comparing-frameworks@1.0.0
6 silly lifecycle comparing-frameworks@1.0.0~prestart: no script for prestart, continuing
7 info lifecycle comparing-frameworks@1.0.0~start: comparing-frameworks@1.0.0
8 verbose lifecycle comparing-frameworks@1.0.0~start: unsafe-perm in lifecycle true
9 verbose lifecycle comparing-frameworks@1.0.0~start: PATH: C:\Users\NeilL\AppData\Roaming\npm\node_modules\npm\bin\node-gyp-bin;D:\Programming\comparing-frameworks\node_modules\.bin;D:\Program Files\ImageMagick-6.9.3-Q16;C:\ProgramData\Oracle\Java\javapath;C:\WINDOWS\system32;C:\WINDOWS;C:\WINDOWS\System32\Wbem;C:\WINDOWS\System32\WindowsPowerShell\v1.0\;C:\Program Files (x86)\ATI Technologies\ATI.ACE\Core-Static;C:\Program Files\Microsoft SQL Server\120\Tools\Binn\;C:\Program Files\Microsoft\Web Platform Installer\;C:\Program Files\Microsoft SQL Server\130\Tools\Binn\;C:\Program Files (x86)\Microsoft SQL Server\130\DTS\Binn\;C:\Program Files (x86)\Microsoft SDKs\Azure\CLI\wbin;C:\Program Files (x86)\Windows Kits\8.1\Windows Performance Toolkit\;D:\Program Files\nodejs\;C:\Program Files (x86)\Heroku\bin;C:\Program Files (x86)\NVIDIA Corporation\PhysX\Common;C:\WINDOWS\system32;C:\WINDOWS;C:\WINDOWS\System32\Wbem;C:\WINDOWS\System32\WindowsPowerShell\v1.0\;C:\ProgramData\chocolatey\bin;D:\Program Files\Git\cmd;C:\Users\NeilL\.dnx\runtimes\dnx-clr-win-x86.1.0.0-rc1-update1\bin;C:\Users\NeilL\.dnx\bin;C:\Users\NeilL\AppData\Local\Microsoft\WindowsApps;C:\Users\NeilL\Desktop\APKtool;C:\Users\NeilL\AppData\Roaming\npm;C:\Program Files\MongoDB\Server\3.4\bin;;C:\Program Files\Microsoft VS Code\bin;C:\Program Files\Heroku\bin
10 verbose lifecycle comparing-frameworks@1.0.0~start: CWD: D:\Programming\comparing-frameworks
11 silly lifecycle comparing-frameworks@1.0.0~start: Args: [ '/d /s /c', 'node server.js' ]
12 silly lifecycle comparing-frameworks@1.0.0~start: Returned: code: 1  signal: null
13 info lifecycle comparing-frameworks@1.0.0~start: Failed to exec start script
14 verbose stack Error: comparing-frameworks@1.0.0 start: `node server.js`
14 verbose stack Exit status 1
14 verbose stack     at EventEmitter.<anonymous> (C:\Users\NeilL\AppData\Roaming\npm\node_modules\npm\lib\utils\lifecycle.js:279:16)
14 verbose stack     at emitTwo (events.js:106:13)
14 verbose stack     at EventEmitter.emit (events.js:191:7)
14 verbose stack     at ChildProcess.<anonymous> (C:\Users\NeilL\AppData\Roaming\npm\node_modules\npm\lib\utils\spawn.js:40:14)
14 verbose stack     at emitTwo (events.js:106:13)
14 verbose stack     at ChildProcess.emit (events.js:191:7)
14 verbose stack     at maybeClose (internal/child_process.js:877:16)
14 verbose stack     at Process.ChildProcess._handle.onexit (internal/child_process.js:226:5)
15 verbose pkgid comparing-frameworks@1.0.0
16 verbose cwd D:\Programming\comparing-frameworks
17 error Windows_NT 10.0.16299
18 error argv "D:\\Program Files\\nodejs\\node.exe" "C:\\Users\\NeilL\\AppData\\Roaming\\npm\\node_modules\\npm\\bin\\npm-cli.js" "start"
19 error node v6.9.2
20 error npm  v4.0.3
21 error code ELIFECYCLE
22 error comparing-frameworks@1.0.0 start: `node server.js`
22 error Exit status 1
23 error Failed at the comparing-frameworks@1.0.0 start script 'node server.js'.
23 error Make sure you have the latest version of node.js and npm installed.
23 error If you do, this is most likely a problem with the comparing-frameworks package,
23 error not with npm itself.
23 error Tell the author that this fails on your system:
23 error     node server.js
23 error You can get information on how to open an issue for this project with:
23 error     npm bugs comparing-frameworks
23 error Or if that isn't available, you can get their info via:
23 error     npm owner ls comparing-frameworks
23 error There is likely additional logging output above.
24 verbose exit [ 1, true ]
